c:\users\carolyn knapp\source\repos\assignment 3\assignment 3\x64\debug\vc143.pdb
c:\users\carolyn knapp\source\repos\assignment 3\assignment 3\x64\debug\vc143.idb
c:\users\carolyn knapp\source\repos\assignment 3\assignment 3\x64\debug\stack.obj
c:\users\carolyn knapp\source\repos\assignment 3\assignment 3\x64\debug\main.obj
c:\users\carolyn knapp\source\repos\assignment 3\assignment 3\x64\debug\infix_to_postfix.obj
c:\users\carolyn knapp\source\repos\assignment 3\x64\debug\assignment 3.pdb
c:\users\carolyn knapp\source\repos\assignment 3\assignment 3\x64\debug\assignment 3.tlog\cl.command.1.tlog
c:\users\carolyn knapp\source\repos\assignment 3\assignment 3\x64\debug\assignment 3.tlog\cl.read.1.tlog
c:\users\carolyn knapp\source\repos\assignment 3\assignment 3\x64\debug\assignment 3.tlog\cl.write.1.tlog
c:\users\carolyn knapp\source\repos\assignment 3\assignment 3\x64\debug\assignment 3.tlog\link-cvtres.read.1.tlog
c:\users\carolyn knapp\source\repos\assignment 3\assignment 3\x64\debug\assignment 3.tlog\link-cvtres.write.1.tlog
c:\users\carolyn knapp\source\repos\assignment 3\assignment 3\x64\debug\assignment 3.tlog\link-rc.read.1.tlog
c:\users\carolyn knapp\source\repos\assignment 3\assignment 3\x64\debug\assignment 3.tlog\link-rc.write.1.tlog
c:\users\carolyn knapp\source\repos\assignment 3\assignment 3\x64\debug\assignment 3.tlog\link.1108-cvtres.read.1.tlog
c:\users\carolyn knapp\source\repos\assignment 3\assignment 3\x64\debug\assignment 3.tlog\link.1108-cvtres.write.1.tlog
c:\users\carolyn knapp\source\repos\assignment 3\assignment 3\x64\debug\assignment 3.tlog\link.1108-rc.read.1.tlog
c:\users\carolyn knapp\source\repos\assignment 3\assignment 3\x64\debug\assignment 3.tlog\link.1108-rc.write.1.tlog
c:\users\carolyn knapp\source\repos\assignment 3\assignment 3\x64\debug\assignment 3.tlog\link.1108.read.1.tlog
c:\users\carolyn knapp\source\repos\assignment 3\assignment 3\x64\debug\assignment 3.tlog\link.1108.read.2.tlog
c:\users\carolyn knapp\source\repos\assignment 3\assignment 3\x64\debug\assignment 3.tlog\link.1108.write.1.tlog
c:\users\carolyn knapp\source\repos\assignment 3\assignment 3\x64\debug\assignment 3.tlog\link.command.1.tlog
c:\users\carolyn knapp\source\repos\assignment 3\assignment 3\x64\debug\assignment 3.tlog\link.read.1.tlog
c:\users\carolyn knapp\source\repos\assignment 3\assignment 3\x64\debug\assignment 3.tlog\link.read.3.tlog
c:\users\carolyn knapp\source\repos\assignment 3\assignment 3\x64\debug\assignment 3.tlog\link.write.1.tlog
